Build started 28/06/2016 09:38:56.
     1>Project "K:\Components\LibraryV2\GDAL\GDAL_2.0.2_VC_Solution\libgdal-2.0.2\test_static_gdalinfo\test_static_gdalinfo.vcxproj" on node 2 (build target(s)).
     1>InitializeBuildStatus:
         Touching "K:\Components\LibraryV2\GDAL\GDAL_2.0.2_VC_Solution\libgdal-2.0.2\test_static_gdalinfo\x64\Debug\test_static_gdalinfo.unsuccessfulbuild".
       ClCompile:
         All outputs are up-to-date.
         All outputs are up-to-date.
       ManifestResourceCompile:
         All outputs are up-to-date.
       Link:
         c:\Program Files (x86)\Microsoft Visual Studio 10.0\VC\bin\x86_amd64\link.exe /ERRORREPORT:PROMPT /OUT:"K:\Components\LibraryV2\GDAL\GDAL_2.0.2_VC_Solution\libgdal-2.0.2\test_static_gdalinfo\x64\Debug\test_static_gdalinfo.exe" /INCREMENTAL /NOLOGO /LIBPATH:../lib/Debug/amd64 /LIBPATH:"../../3rdpart/expat-2.1.0/win32/bin/Debug" wsock32.lib ws2_32.lib libgdal2_lib.lib libexpat.lib /MANIFEST /ManifestFile:"K:\Components\LibraryV2\GDAL\GDAL_2.0.2_VC_Solution\libgdal-2.0.2\test_static_gdalinfo\x64\Debug\test_static_gdalinfo.exe.intermediate.manifest" /MANIFESTUAC:"level='asInvoker' uiAccess='false'" /DEBUG /PDB:"K:\Components\LibraryV2\GDAL\GDAL_2.0.2_VC_Solution\libgdal-2.0.2\test_static_gdalinfo\x64\Debug\test_static_gdalinfo.pdb" /SUBSYSTEM:CONSOLE /TLBID:1 /DYNAMICBASE /NXCOMPAT /IMPLIB:"K:\Components\LibraryV2\GDAL\GDAL_2.0.2_VC_Solution\libgdal-2.0.2\test_static_gdalinfo\x64\Debug\test_static_gdalinfo.lib" /MACHINE:X64 "K:\Components\LibraryV2\GDAL\GDAL_2.0.2_VC_Solution\libgdal-2.0.2\test_static_gdalinfo\x64\Debug\test_static_gdalinfo.exe.embed.manifest.res"
         "K:\Components\LibraryV2\GDAL\GDAL_2.0.2_VC_Solution\libgdal-2.0.2\test_static_gdalinfo\x64\Debug\commonutils.obj"
         "K:\Components\LibraryV2\GDAL\GDAL_2.0.2_VC_Solution\libgdal-2.0.2\test_static_gdalinfo\x64\Debug\gdalinfo.obj"
     1>LINK : fatal error LNK1104: cannot open file 'libgdal2_lib.lib'
     1>Done Building Project "K:\Components\LibraryV2\GDAL\GDAL_2.0.2_VC_Solution\libgdal-2.0.2\test_static_gdalinfo\test_static_gdalinfo.vcxproj" (build target(s)) -- FAILED.

Build FAILED.

Time Elapsed 00:00:00.14
