Build started 28/06/2016 09:38:54.
     1>Project "K:\Components\LibraryV2\GDAL\GDAL_2.0.2_VC_Solution\libgdal-2.0.2\test_dynamic_gdalbuildvrt\test_dynamic_gdalbuildvrt.vcxproj" on node 2 (build target(s)).
     1>InitializeBuildStatus:
         Touching "K:\Components\LibraryV2\GDAL\GDAL_2.0.2_VC_Solution\libgdal-2.0.2\test_dynamic_gdalbuildvrt\x64\Debug\test_dynamic_gdalbuildvrt.unsuccessfulbuild".
       ClCompile:
         All outputs are up-to-date.
       ManifestResourceCompile:
         All outputs are up-to-date.
       Link:
         c:\Program Files (x86)\Microsoft Visual Studio 10.0\VC\bin\x86_amd64\link.exe /ERRORREPORT:PROMPT /OUT:"K:\Components\LibraryV2\GDAL\GDAL_2.0.2_VC_Solution\libgdal-2.0.2\test_dynamic_gdalbuildvrt\x64\Debug\test_dynamic_gdalbuildvrt.exe" /INCREMENTAL /NOLOGO /LIBPATH:"K:\Components\LibraryV2\GDAL\GDAL_2.0.2_VC_Solution\libgdal-2.0.2\test_dynamic_gdalbuildvrt\x64\Debug\\" "gdal-2.0.2.lib" /MANIFEST /ManifestFile:"K:\Components\LibraryV2\GDAL\GDAL_2.0.2_VC_Solution\libgdal-2.0.2\test_dynamic_gdalbuildvrt\x64\Debug\test_dynamic_gdalbuildvrt.exe.intermediate.manifest" /MANIFESTUAC:"level='asInvoker' uiAccess='false'" /DEBUG /PDB:"K:\Components\LibraryV2\GDAL\GDAL_2.0.2_VC_Solution\libgdal-2.0.2\test_dynamic_gdalbuildvrt\x64\Debug\test_dynamic_gdalbuildvrt.pdb" /SUBSYSTEM:CONSOLE /TLBID:1 /DYNAMICBASE /NXCOMPAT /IMPLIB:"K:\Components\LibraryV2\GDAL\GDAL_2.0.2_VC_Solution\libgdal-2.0.2\test_dynamic_gdalbuildvrt\x64\Debug\test_dynamic_gdalbuildvrt.lib" /MACHINE:X64 "K:\Components\LibraryV2\GDAL\GDAL_2.0.2_VC_Solution\libgdal-2.0.2\test_dynamic_gdalbuildvrt\x64\Debug\test_dynamic_gdalbuildvrt.exe.embed.manifest.res"
         "K:\Components\LibraryV2\GDAL\GDAL_2.0.2_VC_Solution\libgdal-2.0.2\test_dynamic_gdalbuildvrt\x64\Debug\gdalbuildvrt.obj"
     1>LINK : fatal error LNK1104: cannot open file 'gdal-2.0.2.lib'
     1>Done Building Project "K:\Components\LibraryV2\GDAL\GDAL_2.0.2_VC_Solution\libgdal-2.0.2\test_dynamic_gdalbuildvrt\test_dynamic_gdalbuildvrt.vcxproj" (build target(s)) -- FAILED.

Build FAILED.

Time Elapsed 00:00:00.12
